<?xml version="1.0" encoding="UTF-8"?>
<!-- Generated by org.testng.reporters.JUnitReportReporter -->
<testsuite hostname="LAPTOP-0JLLFQJ9" failures="0" tests="1" name="TestCases.VerifySignupTestCase" time="17.952" errors="0" timestamp="2022-09-06T12:59:54 IST" skipped="0">
  <testcase classname="TestCases.VerifySignupTestCase" name="SignUp" time="17.952"/>
  <system-out/>
</testsuite> <!-- TestCases.VerifySignupTestCase -->
